16-Jul-2017 17:09:01.652 信息 [main] org.apache.catalina.startup.VersionLoggerListener.log Server version:        Apache Tomcat/8.5.16
16-Jul-2017 17:09:01.660 信息 [main] org.apache.catalina.startup.VersionLoggerListener.log Server built:          Jun 21 2017 17:01:09 UTC
16-Jul-2017 17:09:01.660 信息 [main] org.apache.catalina.startup.VersionLoggerListener.log Server number:         8.5.16.0
16-Jul-2017 17:09:01.660 信息 [main] org.apache.catalina.startup.VersionLoggerListener.log OS Name:               Mac OS X
16-Jul-2017 17:09:01.660 信息 [main] org.apache.catalina.startup.VersionLoggerListener.log OS Version:            10.10.5
16-Jul-2017 17:09:01.660 信息 [main] org.apache.catalina.startup.VersionLoggerListener.log Architecture:          x86_64
16-Jul-2017 17:09:01.661 信息 [main] org.apache.catalina.startup.VersionLoggerListener.log Java Home:             /Library/Java/JavaVirtualMachines/jdk1.8.0_66.jdk/Contents/Home/jre
16-Jul-2017 17:09:01.661 信息 [main] org.apache.catalina.startup.VersionLoggerListener.log JVM Version:           1.8.0_66-b17
16-Jul-2017 17:09:01.661 信息 [main] org.apache.catalina.startup.VersionLoggerListener.log JVM Vendor:            Oracle Corporation
16-Jul-2017 17:09:01.661 信息 [main] org.apache.catalina.startup.VersionLoggerListener.log CATALINA_BASE:         /Volumes/MacintoshHD/Users/huangtao/Documents/MyProjects/tomgrok/apache-tomcat-8.5.16
16-Jul-2017 17:09:01.661 信息 [main] org.apache.catalina.startup.VersionLoggerListener.log CATALINA_HOME:         /Volumes/MacintoshHD/Users/huangtao/Documents/MyProjects/tomgrok/apache-tomcat-8.5.16
16-Jul-2017 17:09:01.662 信息 [main] org.apache.catalina.startup.VersionLoggerListener.log Command line argument: -Djava.util.logging.config.file=/Volumes/MacintoshHD/Users/huangtao/Documents/MyProjects/tomgrok/apache-tomcat-8.5.16/conf/logging.properties
16-Jul-2017 17:09:01.662 信息 [main] org.apache.catalina.startup.VersionLoggerListener.log Command line argument: -Djava.util.logging.manager=org.apache.juli.ClassLoaderLogManager
16-Jul-2017 17:09:01.663 信息 [main] org.apache.catalina.startup.VersionLoggerListener.log Command line argument: -Djdk.tls.ephemeralDHKeySize=2048
16-Jul-2017 17:09:01.663 信息 [main] org.apache.catalina.startup.VersionLoggerListener.log Command line argument: -Djava.protocol.handler.pkgs=org.apache.catalina.webresources
16-Jul-2017 17:09:01.663 信息 [main] org.apache.catalina.startup.VersionLoggerListener.log Command line argument: -Dcatalina.base=/Volumes/MacintoshHD/Users/huangtao/Documents/MyProjects/tomgrok/apache-tomcat-8.5.16
16-Jul-2017 17:09:01.663 信息 [main] org.apache.catalina.startup.VersionLoggerListener.log Command line argument: -Dcatalina.home=/Volumes/MacintoshHD/Users/huangtao/Documents/MyProjects/tomgrok/apache-tomcat-8.5.16
16-Jul-2017 17:09:01.663 信息 [main] org.apache.catalina.startup.VersionLoggerListener.log Command line argument: -Djava.io.tmpdir=/Volumes/MacintoshHD/Users/huangtao/Documents/MyProjects/tomgrok/apache-tomcat-8.5.16/temp
16-Jul-2017 17:09:01.664 信息 [main] org.apache.catalina.core.AprLifecycleListener.lifecycleEvent The APR based Apache Tomcat Native library which allows optimal performance in production environments was not found on the java.library.path: [/Users/huangtao/Library/Java/Extensions:/Library/Java/Extensions:/Network/Library/Java/Extensions:/System/Library/Java/Extensions:/usr/lib/java:.]
16-Jul-2017 17:09:01.895 信息 [main] org.apache.coyote.AbstractProtocol.init Initializing ProtocolHandler ["http-nio-8080"]
16-Jul-2017 17:09:01.940 信息 [main] org.apache.tomcat.util.net.NioSelectorPool.getSharedSelector Using a shared selector for servlet write/read
16-Jul-2017 17:09:01.947 信息 [main] org.apache.coyote.AbstractProtocol.init Initializing ProtocolHandler ["ajp-nio-8009"]
16-Jul-2017 17:09:01.950 信息 [main] org.apache.tomcat.util.net.NioSelectorPool.getSharedSelector Using a shared selector for servlet write/read
16-Jul-2017 17:09:01.950 信息 [main] org.apache.catalina.startup.Catalina.load Initialization processed in 890 ms
16-Jul-2017 17:09:02.008 信息 [main] org.apache.catalina.core.StandardService.startInternal Starting service [Catalina]
16-Jul-2017 17:09:02.009 信息 [main] org.apache.catalina.core.StandardEngine.startInternal Starting Servlet Engine: Apache Tomcat/8.5.16
16-Jul-2017 17:09:02.022 信息 [localhost-startStop-1] org.apache.catalina.startup.HostConfig.deployDirectory Deploying web application directory [/Volumes/MacintoshHD/Users/huangtao/Documents/MyProjects/tomgrok/apache-tomcat-8.5.16/webapps/docs]
16-Jul-2017 17:09:02.438 信息 [localhost-startStop-1] org.apache.catalina.startup.HostConfig.deployDirectory Deployment of web application directory [/Volumes/MacintoshHD/Users/huangtao/Documents/MyProjects/tomgrok/apache-tomcat-8.5.16/webapps/docs] has finished in [415] ms
16-Jul-2017 17:09:02.438 信息 [localhost-startStop-1] org.apache.catalina.startup.HostConfig.deployDirectory Deploying web application directory [/Volumes/MacintoshHD/Users/huangtao/Documents/MyProjects/tomgrok/apache-tomcat-8.5.16/webapps/examples]
16-Jul-2017 17:09:02.813 信息 [localhost-startStop-1] org.apache.catalina.startup.HostConfig.deployDirectory Deployment of web application directory [/Volumes/MacintoshHD/Users/huangtao/Documents/MyProjects/tomgrok/apache-tomcat-8.5.16/webapps/examples] has finished in [375] ms
16-Jul-2017 17:09:02.814 信息 [localhost-startStop-1] org.apache.catalina.startup.HostConfig.deployDirectory Deploying web application directory [/Volumes/MacintoshHD/Users/huangtao/Documents/MyProjects/tomgrok/apache-tomcat-8.5.16/webapps/host-manager]
16-Jul-2017 17:09:02.844 信息 [localhost-startStop-1] org.apache.catalina.startup.HostConfig.deployDirectory Deployment of web application directory [/Volumes/MacintoshHD/Users/huangtao/Documents/MyProjects/tomgrok/apache-tomcat-8.5.16/webapps/host-manager] has finished in [30] ms
16-Jul-2017 17:09:02.844 信息 [localhost-startStop-1] org.apache.catalina.startup.HostConfig.deployDirectory Deploying web application directory [/Volumes/MacintoshHD/Users/huangtao/Documents/MyProjects/tomgrok/apache-tomcat-8.5.16/webapps/manager]
16-Jul-2017 17:09:02.873 信息 [localhost-startStop-1] org.apache.catalina.startup.HostConfig.deployDirectory Deployment of web application directory [/Volumes/MacintoshHD/Users/huangtao/Documents/MyProjects/tomgrok/apache-tomcat-8.5.16/webapps/manager] has finished in [28] ms
16-Jul-2017 17:09:02.873 信息 [localhost-startStop-1] org.apache.catalina.startup.HostConfig.deployDirectory Deploying web application directory [/Volumes/MacintoshHD/Users/huangtao/Documents/MyProjects/tomgrok/apache-tomcat-8.5.16/webapps/mysrc1]
16-Jul-2017 17:09:03.639 信息 [localhost-startStop-1] org.apache.jasper.servlet.TldScanner.scanJars At least one JAR was scanned for TLDs yet contained no TLDs. Enable debug logging for this logger for a complete list of JARs that were scanned but no TLDs were found in them. Skipping unneeded JARs during scanning can improve startup time and JSP compilation time.
16-Jul-2017 17:09:03.721 警告 [localhost-startStop-1] org.opensolaris.opengrok.authorization.AuthorizationFramework.reload Plugin directory not found or not readable: /Volumes/MacintoshHD/Users/huangtao/Documents/MyProjects/tomgrok/contexts/mysrc1/data/../plugins. All requests allowed.
16-Jul-2017 17:09:03.730 信息 [localhost-startStop-1] org.opensolaris.opengrok.web.WebappListener.contextInitialized Could not load statistics from a file.
 java.io.FileNotFoundException: /Volumes/MacintoshHD/Users/huangtao/Documents/MyProjects/tomgrok/contexts/mysrc1/data/statistics.json (No such file or directory)
	at java.io.FileInputStream.open0(Native Method)
	at java.io.FileInputStream.open(FileInputStream.java:195)
	at java.io.FileInputStream.<init>(FileInputStream.java:138)
	at org.opensolaris.opengrok.configuration.RuntimeEnvironment.loadStatistics(RuntimeEnvironment.java:1529)
	at org.opensolaris.opengrok.configuration.RuntimeEnvironment.loadStatistics(RuntimeEnvironment.java:1515)
	at org.opensolaris.opengrok.web.WebappListener.contextInitialized(WebappListener.java:107)
	at org.apache.catalina.core.StandardContext.listenerStart(StandardContext.java:4745)
	at org.apache.catalina.core.StandardContext.startInternal(StandardContext.java:5207)
	at org.apache.catalina.util.LifecycleBase.start(LifecycleBase.java:150)
	at org.apache.catalina.core.ContainerBase.addChildInternal(ContainerBase.java:752)
	at org.apache.catalina.core.ContainerBase.addChild(ContainerBase.java:728)
	at org.apache.catalina.core.StandardHost.addChild(StandardHost.java:734)
	at org.apache.catalina.startup.HostConfig.deployDirectory(HostConfig.java:1144)
	at org.apache.catalina.startup.HostConfig$DeployDirectory.run(HostConfig.java:1878)
	at java.util.concurrent.Executors$RunnableAdapter.call(Executors.java:511)
	at java.util.concurrent.FutureTask.run(FutureTask.java:266)
	at java.util.concurrent.ThreadPoolExecutor.runWorker(ThreadPoolExecutor.java:1142)
	at java.util.concurrent.ThreadPoolExecutor$Worker.run(ThreadPoolExecutor.java:617)
	at java.lang.Thread.run(Thread.java:745)

16-Jul-2017 17:09:03.740 信息 [localhost-startStop-1] org.opensolaris.opengrok.web.WebappListener.contextInitialized Could not load statistics from a file.
 java.io.FileNotFoundException: /Volumes/MacintoshHD/Users/huangtao/Documents/MyProjects/tomgrok/contexts/mysrc1/data/statistics.json (No such file or directory)
	at java.io.FileInputStream.open0(Native Method)
	at java.io.FileInputStream.open(FileInputStream.java:195)
	at java.io.FileInputStream.<init>(FileInputStream.java:138)
	at org.opensolaris.opengrok.configuration.RuntimeEnvironment.loadStatistics(RuntimeEnvironment.java:1529)
	at org.opensolaris.opengrok.configuration.RuntimeEnvironment.loadStatistics(RuntimeEnvironment.java:1515)
	at org.opensolaris.opengrok.web.WebappListener.contextInitialized(WebappListener.java:122)
	at org.apache.catalina.core.StandardContext.listenerStart(StandardContext.java:4745)
	at org.apache.catalina.core.StandardContext.startInternal(StandardContext.java:5207)
	at org.apache.catalina.util.LifecycleBase.start(LifecycleBase.java:150)
	at org.apache.catalina.core.ContainerBase.addChildInternal(ContainerBase.java:752)
	at org.apache.catalina.core.ContainerBase.addChild(ContainerBase.java:728)
	at org.apache.catalina.core.StandardHost.addChild(StandardHost.java:734)
	at org.apache.catalina.startup.HostConfig.deployDirectory(HostConfig.java:1144)
	at org.apache.catalina.startup.HostConfig$DeployDirectory.run(HostConfig.java:1878)
	at java.util.concurrent.Executors$RunnableAdapter.call(Executors.java:511)
	at java.util.concurrent.FutureTask.run(FutureTask.java:266)
	at java.util.concurrent.ThreadPoolExecutor.runWorker(ThreadPoolExecutor.java:1142)
	at java.util.concurrent.ThreadPoolExecutor$Worker.run(ThreadPoolExecutor.java:617)
	at java.lang.Thread.run(Thread.java:745)

16-Jul-2017 17:09:06.990 信息 [localhost-startStop-1] org.apache.catalina.startup.HostConfig.deployDirectory Deployment of web application directory [/Volumes/MacintoshHD/Users/huangtao/Documents/MyProjects/tomgrok/apache-tomcat-8.5.16/webapps/mysrc1] has finished in [4,117] ms
16-Jul-2017 17:09:06.991 信息 [localhost-startStop-1] org.apache.catalina.startup.HostConfig.deployDirectory Deploying web application directory [/Volumes/MacintoshHD/Users/huangtao/Documents/MyProjects/tomgrok/apache-tomcat-8.5.16/webapps/ROOT]
16-Jul-2017 17:09:07.011 信息 [localhost-startStop-1] org.apache.catalina.startup.HostConfig.deployDirectory Deployment of web application directory [/Volumes/MacintoshHD/Users/huangtao/Documents/MyProjects/tomgrok/apache-tomcat-8.5.16/webapps/ROOT] has finished in [19] ms
16-Jul-2017 17:09:07.016 信息 [main] org.apache.coyote.AbstractProtocol.start Starting ProtocolHandler ["http-nio-8080"]
16-Jul-2017 17:09:07.025 信息 [main] org.apache.coyote.AbstractProtocol.start Starting ProtocolHandler ["ajp-nio-8009"]
16-Jul-2017 17:09:07.028 信息 [main] org.apache.catalina.startup.Catalina.start Server startup in 5077 ms
17-Jul-2017 00:24:16.221 信息 [main] org.apache.catalina.core.StandardServer.await A valid shutdown command was received via the shutdown port. Stopping the Server instance.
17-Jul-2017 00:24:16.222 信息 [main] org.apache.coyote.AbstractProtocol.pause Pausing ProtocolHandler ["http-nio-8080"]
17-Jul-2017 00:24:16.276 信息 [main] org.apache.coyote.AbstractProtocol.pause Pausing ProtocolHandler ["ajp-nio-8009"]
17-Jul-2017 00:24:16.332 信息 [main] org.apache.catalina.core.StandardService.stopInternal Stopping service [Catalina]
17-Jul-2017 00:24:16.371 严重 [configurationListener] org.opensolaris.opengrok.configuration.RuntimeEnvironment$10.run Error reading config file: 
 java.net.SocketException: Socket closed
	at java.net.PlainSocketImpl.socketAccept(Native Method)
	at java.net.AbstractPlainSocketImpl.accept(AbstractPlainSocketImpl.java:409)
	at java.net.ServerSocket.implAccept(ServerSocket.java:545)
	at java.net.ServerSocket.accept(ServerSocket.java:513)
	at org.opensolaris.opengrok.configuration.RuntimeEnvironment$10.run(RuntimeEnvironment.java:1668)
	at java.lang.Thread.run(Thread.java:745)

17-Jul-2017 00:24:16.379 严重 [localhost-startStop-2] org.apache.catalina.loader.WebappClassLoaderBase.checkThreadLocalMapForLeaks The web application [mysrc1] created a ThreadLocal with key of type [org.opensolaris.opengrok.configuration.RuntimeEnvironment$4] (value [org.opensolaris.opengrok.configuration.RuntimeEnvironment$4@5a99cf60]) and a value of type [org.opensolaris.opengrok.configuration.Configuration] (value [org.opensolaris.opengrok.configuration.Configuration@103ab5bc]) but failed to remove it when the web application was stopped. Threads are going to be renewed over time to try and avoid a probable memory leak.
17-Jul-2017 00:24:16.379 严重 [localhost-startStop-2] org.apache.catalina.loader.WebappClassLoaderBase.checkThreadLocalMapForLeaks The web application [mysrc1] created a ThreadLocal with key of type [org.opensolaris.opengrok.configuration.RuntimeEnvironment$4] (value [org.opensolaris.opengrok.configuration.RuntimeEnvironment$4@5a99cf60]) and a value of type [org.opensolaris.opengrok.configuration.Configuration] (value [org.opensolaris.opengrok.configuration.Configuration@103ab5bc]) but failed to remove it when the web application was stopped. Threads are going to be renewed over time to try and avoid a probable memory leak.
17-Jul-2017 00:24:16.379 严重 [localhost-startStop-2] org.apache.catalina.loader.WebappClassLoaderBase.checkThreadLocalMapForLeaks The web application [mysrc1] created a ThreadLocal with key of type [org.opensolaris.opengrok.configuration.RuntimeEnvironment$4] (value [org.opensolaris.opengrok.configuration.RuntimeEnvironment$4@5a99cf60]) and a value of type [org.opensolaris.opengrok.configuration.Configuration] (value [org.opensolaris.opengrok.configuration.Configuration@103ab5bc]) but failed to remove it when the web application was stopped. Threads are going to be renewed over time to try and avoid a probable memory leak.
17-Jul-2017 00:24:16.380 严重 [localhost-startStop-2] org.apache.catalina.loader.WebappClassLoaderBase.checkThreadLocalMapForLeaks The web application [mysrc1] created a ThreadLocal with key of type [org.opensolaris.opengrok.configuration.RuntimeEnvironment$4] (value [org.opensolaris.opengrok.configuration.RuntimeEnvironment$4@5a99cf60]) and a value of type [org.opensolaris.opengrok.configuration.Configuration] (value [org.opensolaris.opengrok.configuration.Configuration@103ab5bc]) but failed to remove it when the web application was stopped. Threads are going to be renewed over time to try and avoid a probable memory leak.
17-Jul-2017 00:24:16.380 严重 [localhost-startStop-2] org.apache.catalina.loader.WebappClassLoaderBase.checkThreadLocalMapForLeaks The web application [mysrc1] created a ThreadLocal with key of type [org.opensolaris.opengrok.configuration.RuntimeEnvironment$4] (value [org.opensolaris.opengrok.configuration.RuntimeEnvironment$4@5a99cf60]) and a value of type [org.opensolaris.opengrok.configuration.Configuration] (value [org.opensolaris.opengrok.configuration.Configuration@103ab5bc]) but failed to remove it when the web application was stopped. Threads are going to be renewed over time to try and avoid a probable memory leak.
17-Jul-2017 00:24:16.380 严重 [localhost-startStop-2] org.apache.catalina.loader.WebappClassLoaderBase.checkThreadLocalMapForLeaks The web application [mysrc1] created a ThreadLocal with key of type [org.opensolaris.opengrok.configuration.RuntimeEnvironment$4] (value [org.opensolaris.opengrok.configuration.RuntimeEnvironment$4@5a99cf60]) and a value of type [org.opensolaris.opengrok.configuration.Configuration] (value [org.opensolaris.opengrok.configuration.Configuration@103ab5bc]) but failed to remove it when the web application was stopped. Threads are going to be renewed over time to try and avoid a probable memory leak.
17-Jul-2017 00:24:16.380 严重 [localhost-startStop-2] org.apache.catalina.loader.WebappClassLoaderBase.checkThreadLocalMapForLeaks The web application [mysrc1] created a ThreadLocal with key of type [org.opensolaris.opengrok.configuration.RuntimeEnvironment$4] (value [org.opensolaris.opengrok.configuration.RuntimeEnvironment$4@5a99cf60]) and a value of type [org.opensolaris.opengrok.configuration.Configuration] (value [org.opensolaris.opengrok.configuration.Configuration@103ab5bc]) but failed to remove it when the web application was stopped. Threads are going to be renewed over time to try and avoid a probable memory leak.
17-Jul-2017 00:24:16.380 严重 [localhost-startStop-2] org.apache.catalina.loader.WebappClassLoaderBase.checkThreadLocalMapForLeaks The web application [mysrc1] created a ThreadLocal with key of type [org.opensolaris.opengrok.configuration.RuntimeEnvironment$4] (value [org.opensolaris.opengrok.configuration.RuntimeEnvironment$4@5a99cf60]) and a value of type [org.opensolaris.opengrok.configuration.Configuration] (value [org.opensolaris.opengrok.configuration.Configuration@103ab5bc]) but failed to remove it when the web application was stopped. Threads are going to be renewed over time to try and avoid a probable memory leak.
17-Jul-2017 00:24:16.381 严重 [localhost-startStop-2] org.apache.catalina.loader.WebappClassLoaderBase.checkThreadLocalMapForLeaks The web application [mysrc1] created a ThreadLocal with key of type [java.lang.ThreadLocal] (value [java.lang.ThreadLocal@22c9e948]) and a value of type [org.opensolaris.opengrok.analysis.fortran.FortranAnalyzer] (value [org.opensolaris.opengrok.analysis.fortran.FortranAnalyzer@2392ffe8]) but failed to remove it when the web application was stopped. Threads are going to be renewed over time to try and avoid a probable memory leak.
17-Jul-2017 00:24:16.381 严重 [localhost-startStop-2] org.apache.catalina.loader.WebappClassLoaderBase.checkThreadLocalMapForLeaks The web application [mysrc1] created a ThreadLocal with key of type [java.lang.ThreadLocal] (value [java.lang.ThreadLocal@37e4c635]) and a value of type [org.opensolaris.opengrok.analysis.rust.RustAnalyzer] (value [org.opensolaris.opengrok.analysis.rust.RustAnalyzer@72b60220]) but failed to remove it when the web application was stopped. Threads are going to be renewed over time to try and avoid a probable memory leak.
17-Jul-2017 00:24:16.381 严重 [localhost-startStop-2] org.apache.catalina.loader.WebappClassLoaderBase.checkThreadLocalMapForLeaks The web application [mysrc1] created a ThreadLocal with key of type [java.lang.ThreadLocal] (value [java.lang.ThreadLocal@1f583697]) and a value of type [org.opensolaris.opengrok.analysis.plain.PlainAnalyzer] (value [org.opensolaris.opengrok.analysis.plain.PlainAnalyzer@2b01f72b]) but failed to remove it when the web application was stopped. Threads are going to be renewed over time to try and avoid a probable memory leak.
17-Jul-2017 00:24:16.381 严重 [localhost-startStop-2] org.apache.catalina.loader.WebappClassLoaderBase.checkThreadLocalMapForLeaks The web application [mysrc1] created a ThreadLocal with key of type [java.lang.ThreadLocal] (value [java.lang.ThreadLocal@3ac55910]) and a value of type [org.opensolaris.opengrok.analysis.executables.JarAnalyzer] (value [org.opensolaris.opengrok.analysis.executables.JarAnalyzer@7820eb6a]) but failed to remove it when the web application was stopped. Threads are going to be renewed over time to try and avoid a probable memory leak.
17-Jul-2017 00:24:16.382 严重 [localhost-startStop-2] org.apache.catalina.loader.WebappClassLoaderBase.checkThreadLocalMapForLeaks The web application [mysrc1] created a ThreadLocal with key of type [java.lang.ThreadLocal] (value [java.lang.ThreadLocal@26929677]) and a value of type [org.opensolaris.opengrok.analysis.golang.GolangAnalyzer] (value [org.opensolaris.opengrok.analysis.golang.GolangAnalyzer@28e9521]) but failed to remove it when the web application was stopped. Threads are going to be renewed over time to try and avoid a probable memory leak.
17-Jul-2017 00:24:16.382 严重 [localhost-startStop-2] org.apache.catalina.loader.WebappClassLoaderBase.checkThreadLocalMapForLeaks The web application [mysrc1] created a ThreadLocal with key of type [java.lang.ThreadLocal] (value [java.lang.ThreadLocal@121341b9]) and a value of type [org.opensolaris.opengrok.analysis.php.PhpAnalyzer] (value [org.opensolaris.opengrok.analysis.php.PhpAnalyzer@6d97932a]) but failed to remove it when the web application was stopped. Threads are going to be renewed over time to try and avoid a probable memory leak.
17-Jul-2017 00:24:16.382 严重 [localhost-startStop-2] org.apache.catalina.loader.WebappClassLoaderBase.checkThreadLocalMapForLeaks The web application [mysrc1] created a ThreadLocal with key of type [java.lang.ThreadLocal] (value [java.lang.ThreadLocal@5f8491c1]) and a value of type [org.opensolaris.opengrok.analysis.archive.TarAnalyzer] (value [org.opensolaris.opengrok.analysis.archive.TarAnalyzer@29d5208d]) but failed to remove it when the web application was stopped. Threads are going to be renewed over time to try and avoid a probable memory leak.
17-Jul-2017 00:24:16.382 严重 [localhost-startStop-2] org.apache.catalina.loader.WebappClassLoaderBase.checkThreadLocalMapForLeaks The web application [mysrc1] created a ThreadLocal with key of type [java.lang.ThreadLocal] (value [java.lang.ThreadLocal@21c3b287]) and a value of type [org.opensolaris.opengrok.analysis.archive.GZIPAnalyzer] (value [org.opensolaris.opengrok.analysis.archive.GZIPAnalyzer@701c7b56]) but failed to remove it when the web application was stopped. Threads are going to be renewed over time to try and avoid a probable memory leak.
17-Jul-2017 00:24:16.383 严重 [localhost-startStop-2] org.apache.catalina.loader.WebappClassLoaderBase.checkThreadLocalMapForLeaks The web application [mysrc1] created a ThreadLocal with key of type [java.lang.ThreadLocal] (value [java.lang.ThreadLocal@b6df60d]) and a value of type [org.opensolaris.opengrok.analysis.pascal.PascalAnalyzer] (value [org.opensolaris.opengrok.analysis.pascal.PascalAnalyzer@b3c7ea5]) but failed to remove it when the web application was stopped. Threads are going to be renewed over time to try and avoid a probable memory leak.
17-Jul-2017 00:24:16.383 严重 [localhost-startStop-2] org.apache.catalina.loader.WebappClassLoaderBase.checkThreadLocalMapForLeaks The web application [mysrc1] created a ThreadLocal with key of type [java.lang.ThreadLocal] (value [java.lang.ThreadLocal@3757a2cf]) and a value of type [org.opensolaris.opengrok.analysis.tcl.TclAnalyzer] (value [org.opensolaris.opengrok.analysis.tcl.TclAnalyzer@2482a9b8]) but failed to remove it when the web application was stopped. Threads are going to be renewed over time to try and avoid a probable memory leak.
17-Jul-2017 00:24:16.383 严重 [localhost-startStop-2] org.apache.catalina.loader.WebappClassLoaderBase.checkThreadLocalMapForLeaks The web application [mysrc1] created a ThreadLocal with key of type [java.lang.ThreadLocal] (value [java.lang.ThreadLocal@40bbeebb]) and a value of type [org.opensolaris.opengrok.analysis.javascript.JavaScriptAnalyzer] (value [org.opensolaris.opengrok.analysis.javascript.JavaScriptAnalyzer@289a695f]) but failed to remove it when the web application was stopped. Threads are going to be renewed over time to try and avoid a probable memory leak.
17-Jul-2017 00:24:16.383 严重 [localhost-startStop-2] org.apache.catalina.loader.WebappClassLoaderBase.checkThreadLocalMapForLeaks The web application [mysrc1] created a ThreadLocal with key of type [java.lang.ThreadLocal] (value [java.lang.ThreadLocal@2251f759]) and a value of type [org.opensolaris.opengrok.analysis.csharp.CSharpAnalyzer] (value [org.opensolaris.opengrok.analysis.csharp.CSharpAnalyzer@13af45c2]) but failed to remove it when the web application was stopped. Threads are going to be renewed over time to try and avoid a probable memory leak.
17-Jul-2017 00:24:16.383 严重 [localhost-startStop-2] org.apache.catalina.loader.WebappClassLoaderBase.checkThreadLocalMapForLeaks The web application [mysrc1] created a ThreadLocal with key of type [java.lang.ThreadLocal] (value [java.lang.ThreadLocal@c7eaf3a]) and a value of type [org.opensolaris.opengrok.analysis.plain.XMLAnalyzer] (value [org.opensolaris.opengrok.analysis.plain.XMLAnalyzer@7755ff7b]) but failed to remove it when the web application was stopped. Threads are going to be renewed over time to try and avoid a probable memory leak.
17-Jul-2017 00:24:16.384 严重 [localhost-startStop-2] org.apache.catalina.loader.WebappClassLoaderBase.checkThreadLocalMapForLeaks The web application [mysrc1] created a ThreadLocal with key of type [java.lang.ThreadLocal] (value [java.lang.ThreadLocal@5a9325f7]) and a value of type [org.opensolaris.opengrok.analysis.clojure.ClojureAnalyzer] (value [org.opensolaris.opengrok.analysis.clojure.ClojureAnalyzer@33fbfa32]) but failed to remove it when the web application was stopped. Threads are going to be renewed over time to try and avoid a probable memory leak.
17-Jul-2017 00:24:16.384 严重 [localhost-startStop-2] org.apache.catalina.loader.WebappClassLoaderBase.checkThreadLocalMapForLeaks The web application [mysrc1] created a ThreadLocal with key of type [java.lang.ThreadLocal] (value [java.lang.ThreadLocal@4a859408]) and a value of type [org.opensolaris.opengrok.analysis.swift.SwiftAnalyzer] (value [org.opensolaris.opengrok.analysis.swift.SwiftAnalyzer@12f30404]) but failed to remove it when the web application was stopped. Threads are going to be renewed over time to try and avoid a probable memory leak.
17-Jul-2017 00:24:16.384 严重 [localhost-startStop-2] org.apache.catalina.loader.WebappClassLoaderBase.checkThreadLocalMapForLeaks The web application [mysrc1] created a ThreadLocal with key of type [java.lang.ThreadLocal] (value [java.lang.ThreadLocal@518c2730]) and a value of type [org.opensolaris.opengrok.analysis.c.CxxAnalyzer] (value [org.opensolaris.opengrok.analysis.c.CxxAnalyzer@3dca7d59]) but failed to remove it when the web application was stopped. Threads are going to be renewed over time to try and avoid a probable memory leak.
17-Jul-2017 00:24:16.384 严重 [localhost-startStop-2] org.apache.catalina.loader.WebappClassLoaderBase.checkThreadLocalMapForLeaks The web application [mysrc1] created a ThreadLocal with key of type [java.lang.ThreadLocal] (value [java.lang.ThreadLocal@5b099b3c]) and a value of type [org.opensolaris.opengrok.analysis.executables.ELFAnalyzer] (value [org.opensolaris.opengrok.analysis.executables.ELFAnalyzer@5150677d]) but failed to remove it when the web application was stopped. Threads are going to be renewed over time to try and avoid a probable memory leak.
17-Jul-2017 00:24:16.384 严重 [localhost-startStop-2] org.apache.catalina.loader.WebappClassLoaderBase.checkThreadLocalMapForLeaks The web application [mysrc1] created a ThreadLocal with key of type [java.lang.ThreadLocal] (value [java.lang.ThreadLocal@61556fc0]) and a value of type [org.opensolaris.opengrok.analysis.sql.PLSQLAnalyzer] (value [org.opensolaris.opengrok.analysis.sql.PLSQLAnalyzer@f9bf606]) but failed to remove it when the web application was stopped. Threads are going to be renewed over time to try and avoid a probable memory leak.
17-Jul-2017 00:24:16.385 严重 [localhost-startStop-2] org.apache.catalina.loader.WebappClassLoaderBase.checkThreadLocalMapForLeaks The web application [mysrc1] created a ThreadLocal with key of type [java.lang.ThreadLocal] (value [java.lang.ThreadLocal@185c4cb2]) and a value of type [org.opensolaris.opengrok.analysis.python.PythonAnalyzer] (value [org.opensolaris.opengrok.analysis.python.PythonAnalyzer@4a65bb4b]) but failed to remove it when the web application was stopped. Threads are going to be renewed over time to try and avoid a probable memory leak.
17-Jul-2017 00:24:16.385 严重 [localhost-startStop-2] org.apache.catalina.loader.WebappClassLoaderBase.checkThreadLocalMapForLeaks The web application [mysrc1] created a ThreadLocal with key of type [java.lang.ThreadLocal] (value [java.lang.ThreadLocal@84e6a8]) and a value of type [org.opensolaris.opengrok.analysis.sh.ShAnalyzer] (value [org.opensolaris.opengrok.analysis.sh.ShAnalyzer@50ff0b78]) but failed to remove it when the web application was stopped. Threads are going to be renewed over time to try and avoid a probable memory leak.
17-Jul-2017 00:24:16.385 严重 [localhost-startStop-2] org.apache.catalina.loader.WebappClassLoaderBase.checkThreadLocalMapForLeaks The web application [mysrc1] created a ThreadLocal with key of type [java.lang.ThreadLocal] (value [java.lang.ThreadLocal@2abce409]) and a value of type [org.opensolaris.opengrok.analysis.FileAnalyzer] (value [org.opensolaris.opengrok.analysis.FileAnalyzer@4de4bdf6]) but failed to remove it when the web application was stopped. Threads are going to be renewed over time to try and avoid a probable memory leak.
17-Jul-2017 00:24:16.385 严重 [localhost-startStop-2] org.apache.catalina.loader.WebappClassLoaderBase.checkThreadLocalMapForLeaks The web application [mysrc1] created a ThreadLocal with key of type [java.lang.ThreadLocal] (value [java.lang.ThreadLocal@6a72b344]) and a value of type [org.opensolaris.opengrok.analysis.haskell.HaskellAnalyzer] (value [org.opensolaris.opengrok.analysis.haskell.HaskellAnalyzer@427ec1b9]) but failed to remove it when the web application was stopped. Threads are going to be renewed over time to try and avoid a probable memory leak.
17-Jul-2017 00:24:16.385 严重 [localhost-startStop-2] org.apache.catalina.loader.WebappClassLoaderBase.checkThreadLocalMapForLeaks The web application [mysrc1] created a ThreadLocal with key of type [java.lang.ThreadLocal] (value [java.lang.ThreadLocal@f2ff953]) and a value of type [org.opensolaris.opengrok.analysis.perl.PerlAnalyzer] (value [org.opensolaris.opengrok.analysis.perl.PerlAnalyzer@67ccee4d]) but failed to remove it when the web application was stopped. Threads are going to be renewed over time to try and avoid a probable memory leak.
17-Jul-2017 00:24:16.386 严重 [localhost-startStop-2] org.apache.catalina.loader.WebappClassLoaderBase.checkThreadLocalMapForLeaks The web application [mysrc1] created a ThreadLocal with key of type [java.lang.ThreadLocal] (value [java.lang.ThreadLocal@185b9963]) and a value of type [org.opensolaris.opengrok.analysis.uue.UuencodeAnalyzer] (value [org.opensolaris.opengrok.analysis.uue.UuencodeAnalyzer@2c9ce0d8]) but failed to remove it when the web application was stopped. Threads are going to be renewed over time to try and avoid a probable memory leak.
17-Jul-2017 00:24:16.386 严重 [localhost-startStop-2] org.apache.catalina.loader.WebappClassLoaderBase.checkThreadLocalMapForLeaks The web application [mysrc1] created a ThreadLocal with key of type [java.lang.ThreadLocal] (value [java.lang.ThreadLocal@5c897179]) and a value of type [org.opensolaris.opengrok.analysis.archive.ZipAnalyzer] (value [org.opensolaris.opengrok.analysis.archive.ZipAnalyzer@5c374223]) but failed to remove it when the web application was stopped. Threads are going to be renewed over time to try and avoid a probable memory leak.
17-Jul-2017 00:24:16.386 严重 [localhost-startStop-2] org.apache.catalina.loader.WebappClassLoaderBase.checkThreadLocalMapForLeaks The web application [mysrc1] created a ThreadLocal with key of type [java.lang.ThreadLocal] (value [java.lang.ThreadLocal@18635847]) and a value of type [org.opensolaris.opengrok.analysis.lua.LuaAnalyzer] (value [org.opensolaris.opengrok.analysis.lua.LuaAnalyzer@53b2f1b3]) but failed to remove it when the web application was stopped. Threads are going to be renewed over time to try and avoid a probable memory leak.
17-Jul-2017 00:24:16.387 严重 [localhost-startStop-2] org.apache.catalina.loader.WebappClassLoaderBase.checkThreadLocalMapForLeaks The web application [mysrc1] created a ThreadLocal with key of type [java.lang.ThreadLocal] (value [java.lang.ThreadLocal@44a75005]) and a value of type [org.opensolaris.opengrok.analysis.lisp.LispAnalyzer] (value [org.opensolaris.opengrok.analysis.lisp.LispAnalyzer@226734e8]) but failed to remove it when the web application was stopped. Threads are going to be renewed over time to try and avoid a probable memory leak.
17-Jul-2017 00:24:16.387 严重 [localhost-startStop-2] org.apache.catalina.loader.WebappClassLoaderBase.checkThreadLocalMapForLeaks The web application [mysrc1] created a ThreadLocal with key of type [java.lang.ThreadLocal] (value [java.lang.ThreadLocal@2044f183]) and a value of type [org.opensolaris.opengrok.analysis.java.JavaAnalyzer] (value [org.opensolaris.opengrok.analysis.java.JavaAnalyzer@643fb351]) but failed to remove it when the web application was stopped. Threads are going to be renewed over time to try and avoid a probable memory leak.
17-Jul-2017 00:24:16.387 严重 [localhost-startStop-2] org.apache.catalina.loader.WebappClassLoaderBase.checkThreadLocalMapForLeaks The web application [mysrc1] created a ThreadLocal with key of type [java.lang.ThreadLocal] (value [java.lang.ThreadLocal@1ae6f0ab]) and a value of type [org.opensolaris.opengrok.analysis.archive.BZip2Analyzer] (value [org.opensolaris.opengrok.analysis.archive.BZip2Analyzer@13d476b]) but failed to remove it when the web application was stopped. Threads are going to be renewed over time to try and avoid a probable memory leak.
17-Jul-2017 00:24:16.387 严重 [localhost-startStop-2] org.apache.catalina.loader.WebappClassLoaderBase.checkThreadLocalMapForLeaks The web application [mysrc1] created a ThreadLocal with key of type [java.lang.ThreadLocal] (value [java.lang.ThreadLocal@6726626]) and a value of type [org.opensolaris.opengrok.analysis.c.CAnalyzer] (value [org.opensolaris.opengrok.analysis.c.CAnalyzer@1fcee882]) but failed to remove it when the web application was stopped. Threads are going to be renewed over time to try and avoid a probable memory leak.
17-Jul-2017 00:24:16.388 严重 [localhost-startStop-2] org.apache.catalina.loader.WebappClassLoaderBase.checkThreadLocalMapForLeaks The web application [mysrc1] created a ThreadLocal with key of type [java.lang.ThreadLocal] (value [java.lang.ThreadLocal@32803078]) and a value of type [org.opensolaris.opengrok.analysis.scala.ScalaAnalyzer] (value [org.opensolaris.opengrok.analysis.scala.ScalaAnalyzer@596d3f5c]) but failed to remove it when the web application was stopped. Threads are going to be renewed over time to try and avoid a probable memory leak.
17-Jul-2017 00:24:16.388 严重 [localhost-startStop-2] org.apache.catalina.loader.WebappClassLoaderBase.checkThreadLocalMapForLeaks The web application [mysrc1] created a ThreadLocal with key of type [java.lang.ThreadLocal] (value [java.lang.ThreadLocal@4c3b2101]) and a value of type [org.opensolaris.opengrok.analysis.kotlin.KotlinAnalyzer] (value [org.opensolaris.opengrok.analysis.kotlin.KotlinAnalyzer@24595afc]) but failed to remove it when the web application was stopped. Threads are going to be renewed over time to try and avoid a probable memory leak.
17-Jul-2017 00:24:16.388 严重 [localhost-startStop-2] org.apache.catalina.loader.WebappClassLoaderBase.checkThreadLocalMapForLeaks The web application [mysrc1] created a ThreadLocal with key of type [java.lang.ThreadLocal] (value [java.lang.ThreadLocal@17e9bdff]) and a value of type [org.opensolaris.opengrok.analysis.vb.VBAnalyzer] (value [org.opensolaris.opengrok.analysis.vb.VBAnalyzer@274ef781]) but failed to remove it when the web application was stopped. Threads are going to be renewed over time to try and avoid a probable memory leak.
17-Jul-2017 00:24:16.388 严重 [localhost-startStop-2] org.apache.catalina.loader.WebappClassLoaderBase.checkThreadLocalMapForLeaks The web application [mysrc1] created a ThreadLocal with key of type [java.lang.ThreadLocal] (value [java.lang.ThreadLocal@32e8e940]) and a value of type [org.opensolaris.opengrok.analysis.document.TroffAnalyzer] (value [org.opensolaris.opengrok.analysis.document.TroffAnalyzer@5c08cb5b]) but failed to remove it when the web application was stopped. Threads are going to be renewed over time to try and avoid a probable memory leak.
17-Jul-2017 00:24:16.388 严重 [localhost-startStop-2] org.apache.catalina.loader.WebappClassLoaderBase.checkThreadLocalMapForLeaks The web application [mysrc1] created a ThreadLocal with key of type [org.opensolaris.opengrok.configuration.RuntimeEnvironment$4] (value [org.opensolaris.opengrok.configuration.RuntimeEnvironment$4@5a99cf60]) and a value of type [org.opensolaris.opengrok.configuration.Configuration] (value [org.opensolaris.opengrok.configuration.Configuration@103ab5bc]) but failed to remove it when the web application was stopped. Threads are going to be renewed over time to try and avoid a probable memory leak.
17-Jul-2017 00:24:16.389 严重 [localhost-startStop-2] org.apache.catalina.loader.WebappClassLoaderBase.checkThreadLocalMapForLeaks The web application [mysrc1] created a ThreadLocal with key of type [java.lang.ThreadLocal] (value [java.lang.ThreadLocal@6549360]) and a value of type [org.opensolaris.opengrok.analysis.sql.SQLAnalyzer] (value [org.opensolaris.opengrok.analysis.sql.SQLAnalyzer@56f68ed4]) but failed to remove it when the web application was stopped. Threads are going to be renewed over time to try and avoid a probable memory leak.
17-Jul-2017 00:24:16.389 严重 [localhost-startStop-2] org.apache.catalina.loader.WebappClassLoaderBase.checkThreadLocalMapForLeaks The web application [mysrc1] created a ThreadLocal with key of type [java.lang.ThreadLocal] (value [java.lang.ThreadLocal@23a1dfa3]) and a value of type [org.opensolaris.opengrok.analysis.json.JsonAnalyzer] (value [org.opensolaris.opengrok.analysis.json.JsonAnalyzer@39699a9f]) but failed to remove it when the web application was stopped. Threads are going to be renewed over time to try and avoid a probable memory leak.
17-Jul-2017 00:24:16.389 严重 [localhost-startStop-2] org.apache.catalina.loader.WebappClassLoaderBase.checkThreadLocalMapForLeaks The web application [mysrc1] created a ThreadLocal with key of type [java.lang.ThreadLocal] (value [java.lang.ThreadLocal@1b84d141]) and a value of type [org.opensolaris.opengrok.analysis.erlang.ErlangAnalyzer] (value [org.opensolaris.opengrok.analysis.erlang.ErlangAnalyzer@79666ccb]) but failed to remove it when the web application was stopped. Threads are going to be renewed over time to try and avoid a probable memory leak.
17-Jul-2017 00:24:16.389 严重 [localhost-startStop-2] org.apache.catalina.loader.WebappClassLoaderBase.checkThreadLocalMapForLeaks The web application [mysrc1] created a ThreadLocal with key of type [java.lang.ThreadLocal] (value [java.lang.ThreadLocal@5417e883]) and a value of type [org.opensolaris.opengrok.analysis.executables.JavaClassAnalyzer] (value [org.opensolaris.opengrok.analysis.executables.JavaClassAnalyzer@215f2dfc]) but failed to remove it when the web application was stopped. Threads are going to be renewed over time to try and avoid a probable memory leak.
17-Jul-2017 00:24:16.390 严重 [localhost-startStop-2] org.apache.catalina.loader.WebappClassLoaderBase.checkThreadLocalMapForLeaks The web application [mysrc1] created a ThreadLocal with key of type [org.opensolaris.opengrok.configuration.RuntimeEnvironment$4] (value [org.opensolaris.opengrok.configuration.RuntimeEnvironment$4@5a99cf60]) and a value of type [org.opensolaris.opengrok.configuration.Configuration] (value [org.opensolaris.opengrok.configuration.Configuration@103ab5bc]) but failed to remove it when the web application was stopped. Threads are going to be renewed over time to try and avoid a probable memory leak.
17-Jul-2017 00:24:16.390 严重 [localhost-startStop-2] org.apache.catalina.loader.WebappClassLoaderBase.checkThreadLocalMapForLeaks The web application [mysrc1] created a ThreadLocal with key of type [org.opensolaris.opengrok.configuration.RuntimeEnvironment$4] (value [org.opensolaris.opengrok.configuration.RuntimeEnvironment$4@5a99cf60]) and a value of type [org.opensolaris.opengrok.configuration.Configuration] (value [org.opensolaris.opengrok.configuration.Configuration@103ab5bc]) but failed to remove it when the web application was stopped. Threads are going to be renewed over time to try and avoid a probable memory leak.
17-Jul-2017 00:24:16.401 信息 [main] org.apache.coyote.AbstractProtocol.stop Stopping ProtocolHandler ["http-nio-8080"]
17-Jul-2017 00:24:16.405 信息 [main] org.apache.coyote.AbstractProtocol.stop Stopping ProtocolHandler ["ajp-nio-8009"]
17-Jul-2017 00:24:16.408 信息 [main] org.apache.coyote.AbstractProtocol.destroy Destroying ProtocolHandler ["http-nio-8080"]
17-Jul-2017 00:24:16.409 信息 [main] org.apache.coyote.AbstractProtocol.destroy Destroying ProtocolHandler ["ajp-nio-8009"]
17-Jul-2017 00:24:25.709 信息 [main] org.apache.catalina.startup.VersionLoggerListener.log Server version:        Apache Tomcat/8.5.16
17-Jul-2017 00:24:25.714 信息 [main] org.apache.catalina.startup.VersionLoggerListener.log Server built:          Jun 21 2017 17:01:09 UTC
17-Jul-2017 00:24:25.714 信息 [main] org.apache.catalina.startup.VersionLoggerListener.log Server number:         8.5.16.0
17-Jul-2017 00:24:25.714 信息 [main] org.apache.catalina.startup.VersionLoggerListener.log OS Name:               Mac OS X
17-Jul-2017 00:24:25.715 信息 [main] org.apache.catalina.startup.VersionLoggerListener.log OS Version:            10.10.5
17-Jul-2017 00:24:25.715 信息 [main] org.apache.catalina.startup.VersionLoggerListener.log Architecture:          x86_64
17-Jul-2017 00:24:25.715 信息 [main] org.apache.catalina.startup.VersionLoggerListener.log Java Home:             /Library/Java/JavaVirtualMachines/jdk1.8.0_66.jdk/Contents/Home/jre
17-Jul-2017 00:24:25.715 信息 [main] org.apache.catalina.startup.VersionLoggerListener.log JVM Version:           1.8.0_66-b17
17-Jul-2017 00:24:25.715 信息 [main] org.apache.catalina.startup.VersionLoggerListener.log JVM Vendor:            Oracle Corporation
17-Jul-2017 00:24:25.715 信息 [main] org.apache.catalina.startup.VersionLoggerListener.log CATALINA_BASE:         /Volumes/MacintoshHD/Users/huangtao/Documents/MyProjects/tomgrok/apache-tomcat-8.5.16
17-Jul-2017 00:24:25.715 信息 [main] org.apache.catalina.startup.VersionLoggerListener.log CATALINA_HOME:         /Volumes/MacintoshHD/Users/huangtao/Documents/MyProjects/tomgrok/apache-tomcat-8.5.16
17-Jul-2017 00:24:25.716 信息 [main] org.apache.catalina.startup.VersionLoggerListener.log Command line argument: -Djava.util.logging.config.file=/Volumes/MacintoshHD/Users/huangtao/Documents/MyProjects/tomgrok/apache-tomcat-8.5.16/conf/logging.properties
17-Jul-2017 00:24:25.716 信息 [main] org.apache.catalina.startup.VersionLoggerListener.log Command line argument: -Djava.util.logging.manager=org.apache.juli.ClassLoaderLogManager
17-Jul-2017 00:24:25.716 信息 [main] org.apache.catalina.startup.VersionLoggerListener.log Command line argument: -Djdk.tls.ephemeralDHKeySize=2048
17-Jul-2017 00:24:25.716 信息 [main] org.apache.catalina.startup.VersionLoggerListener.log Command line argument: -Djava.protocol.handler.pkgs=org.apache.catalina.webresources
17-Jul-2017 00:24:25.716 信息 [main] org.apache.catalina.startup.VersionLoggerListener.log Command line argument: -Dcatalina.base=/Volumes/MacintoshHD/Users/huangtao/Documents/MyProjects/tomgrok/apache-tomcat-8.5.16
17-Jul-2017 00:24:25.716 信息 [main] org.apache.catalina.startup.VersionLoggerListener.log Command line argument: -Dcatalina.home=/Volumes/MacintoshHD/Users/huangtao/Documents/MyProjects/tomgrok/apache-tomcat-8.5.16
17-Jul-2017 00:24:25.716 信息 [main] org.apache.catalina.startup.VersionLoggerListener.log Command line argument: -Djava.io.tmpdir=/Volumes/MacintoshHD/Users/huangtao/Documents/MyProjects/tomgrok/apache-tomcat-8.5.16/temp
17-Jul-2017 00:24:25.717 信息 [main] org.apache.catalina.core.AprLifecycleListener.lifecycleEvent The APR based Apache Tomcat Native library which allows optimal performance in production environments was not found on the java.library.path: [/Users/huangtao/Library/Java/Extensions:/Library/Java/Extensions:/Network/Library/Java/Extensions:/System/Library/Java/Extensions:/usr/lib/java:.]
17-Jul-2017 00:24:25.897 信息 [main] org.apache.coyote.AbstractProtocol.init Initializing ProtocolHandler ["http-nio-8080"]
17-Jul-2017 00:24:25.932 信息 [main] org.apache.tomcat.util.net.NioSelectorPool.getSharedSelector Using a shared selector for servlet write/read
17-Jul-2017 00:24:25.939 信息 [main] org.apache.coyote.AbstractProtocol.init Initializing ProtocolHandler ["ajp-nio-8009"]
17-Jul-2017 00:24:25.942 信息 [main] org.apache.tomcat.util.net.NioSelectorPool.getSharedSelector Using a shared selector for servlet write/read
17-Jul-2017 00:24:25.943 信息 [main] org.apache.catalina.startup.Catalina.load Initialization processed in 784 ms
17-Jul-2017 00:24:25.983 信息 [main] org.apache.catalina.core.StandardService.startInternal Starting service [Catalina]
17-Jul-2017 00:24:25.983 信息 [main] org.apache.catalina.core.StandardEngine.startInternal Starting Servlet Engine: Apache Tomcat/8.5.16
17-Jul-2017 00:24:25.997 信息 [localhost-startStop-1] org.apache.catalina.startup.HostConfig.deployDirectory Deploying web application directory [/Volumes/MacintoshHD/Users/huangtao/Documents/MyProjects/tomgrok/apache-tomcat-8.5.16/webapps/docs]
17-Jul-2017 00:24:26.429 信息 [localhost-startStop-1] org.apache.catalina.startup.HostConfig.deployDirectory Deployment of web application directory [/Volumes/MacintoshHD/Users/huangtao/Documents/MyProjects/tomgrok/apache-tomcat-8.5.16/webapps/docs] has finished in [431] ms
17-Jul-2017 00:24:26.429 信息 [localhost-startStop-1] org.apache.catalina.startup.HostConfig.deployDirectory Deploying web application directory [/Volumes/MacintoshHD/Users/huangtao/Documents/MyProjects/tomgrok/apache-tomcat-8.5.16/webapps/examples]
17-Jul-2017 00:24:26.814 信息 [localhost-startStop-1] org.apache.catalina.startup.HostConfig.deployDirectory Deployment of web application directory [/Volumes/MacintoshHD/Users/huangtao/Documents/MyProjects/tomgrok/apache-tomcat-8.5.16/webapps/examples] has finished in [385] ms
17-Jul-2017 00:24:26.814 信息 [localhost-startStop-1] org.apache.catalina.startup.HostConfig.deployDirectory Deploying web application directory [/Volumes/MacintoshHD/Users/huangtao/Documents/MyProjects/tomgrok/apache-tomcat-8.5.16/webapps/host-manager]
17-Jul-2017 00:24:26.845 信息 [localhost-startStop-1] org.apache.catalina.startup.HostConfig.deployDirectory Deployment of web application directory [/Volumes/MacintoshHD/Users/huangtao/Documents/MyProjects/tomgrok/apache-tomcat-8.5.16/webapps/host-manager] has finished in [31] ms
17-Jul-2017 00:24:26.846 信息 [localhost-startStop-1] org.apache.catalina.startup.HostConfig.deployDirectory Deploying web application directory [/Volumes/MacintoshHD/Users/huangtao/Documents/MyProjects/tomgrok/apache-tomcat-8.5.16/webapps/manager]
17-Jul-2017 00:24:26.876 信息 [localhost-startStop-1] org.apache.catalina.startup.HostConfig.deployDirectory Deployment of web application directory [/Volumes/MacintoshHD/Users/huangtao/Documents/MyProjects/tomgrok/apache-tomcat-8.5.16/webapps/manager] has finished in [30] ms
17-Jul-2017 00:24:26.877 信息 [localhost-startStop-1] org.apache.catalina.startup.HostConfig.deployDirectory Deploying web application directory [/Volumes/MacintoshHD/Users/huangtao/Documents/MyProjects/tomgrok/apache-tomcat-8.5.16/webapps/mysrc1]
17-Jul-2017 00:24:27.589 信息 [localhost-startStop-1] org.apache.jasper.servlet.TldScanner.scanJars At least one JAR was scanned for TLDs yet contained no TLDs. Enable debug logging for this logger for a complete list of JARs that were scanned but no TLDs were found in them. Skipping unneeded JARs during scanning can improve startup time and JSP compilation time.
17-Jul-2017 00:24:27.670 警告 [localhost-startStop-1] org.opensolaris.opengrok.authorization.AuthorizationFramework.reload Plugin directory not found or not readable: /Volumes/MacintoshHD/Users/huangtao/Documents/MyProjects/tomgrok/contexts/mysrc1/data/../plugins. All requests allowed.
17-Jul-2017 00:24:27.812 信息 [localhost-startStop-1] org.apache.catalina.startup.HostConfig.deployDirectory Deployment of web application directory [/Volumes/MacintoshHD/Users/huangtao/Documents/MyProjects/tomgrok/apache-tomcat-8.5.16/webapps/mysrc1] has finished in [935] ms
17-Jul-2017 00:24:27.813 信息 [localhost-startStop-1] org.apache.catalina.startup.HostConfig.deployDirectory Deploying web application directory [/Volumes/MacintoshHD/Users/huangtao/Documents/MyProjects/tomgrok/apache-tomcat-8.5.16/webapps/ROOT]
17-Jul-2017 00:24:27.836 信息 [localhost-startStop-1] org.apache.catalina.startup.HostConfig.deployDirectory Deployment of web application directory [/Volumes/MacintoshHD/Users/huangtao/Documents/MyProjects/tomgrok/apache-tomcat-8.5.16/webapps/ROOT] has finished in [23] ms
17-Jul-2017 00:24:27.841 信息 [main] org.apache.coyote.AbstractProtocol.start Starting ProtocolHandler ["http-nio-8080"]
17-Jul-2017 00:24:27.854 信息 [main] org.apache.coyote.AbstractProtocol.start Starting ProtocolHandler ["ajp-nio-8009"]
17-Jul-2017 00:24:27.858 信息 [main] org.apache.catalina.startup.Catalina.start Server startup in 1914 ms
17-Jul-2017 00:24:33.415 信息 [main] org.apache.catalina.core.StandardServer.await A valid shutdown command was received via the shutdown port. Stopping the Server instance.
17-Jul-2017 00:24:33.416 信息 [main] org.apache.coyote.AbstractProtocol.pause Pausing ProtocolHandler ["http-nio-8080"]
17-Jul-2017 00:24:33.474 信息 [main] org.apache.coyote.AbstractProtocol.pause Pausing ProtocolHandler ["ajp-nio-8009"]
17-Jul-2017 00:24:33.527 信息 [main] org.apache.catalina.core.StandardService.stopInternal Stopping service [Catalina]
17-Jul-2017 00:24:33.562 严重 [configurationListener] org.opensolaris.opengrok.configuration.RuntimeEnvironment$10.run Error reading config file: 
 java.net.SocketException: Socket closed
	at java.net.PlainSocketImpl.socketAccept(Native Method)
	at java.net.AbstractPlainSocketImpl.accept(AbstractPlainSocketImpl.java:409)
	at java.net.ServerSocket.implAccept(ServerSocket.java:545)
	at java.net.ServerSocket.accept(ServerSocket.java:513)
	at org.opensolaris.opengrok.configuration.RuntimeEnvironment$10.run(RuntimeEnvironment.java:1668)
	at java.lang.Thread.run(Thread.java:745)

17-Jul-2017 00:24:33.568 严重 [localhost-startStop-1] org.apache.catalina.loader.WebappClassLoaderBase.checkThreadLocalMapForLeaks The web application [mysrc1] created a ThreadLocal with key of type [org.opensolaris.opengrok.configuration.RuntimeEnvironment$4] (value [org.opensolaris.opengrok.configuration.RuntimeEnvironment$4@46c3313]) and a value of type [org.opensolaris.opengrok.configuration.Configuration] (value [org.opensolaris.opengrok.configuration.Configuration@26460f3e]) but failed to remove it when the web application was stopped. Threads are going to be renewed over time to try and avoid a probable memory leak.
17-Jul-2017 00:24:33.569 严重 [localhost-startStop-1] org.apache.catalina.loader.WebappClassLoaderBase.checkThreadLocalMapForLeaks The web application [mysrc1] created a ThreadLocal with key of type [org.opensolaris.opengrok.configuration.RuntimeEnvironment$4] (value [org.opensolaris.opengrok.configuration.RuntimeEnvironment$4@46c3313]) and a value of type [org.opensolaris.opengrok.configuration.Configuration] (value [org.opensolaris.opengrok.configuration.Configuration@26460f3e]) but failed to remove it when the web application was stopped. Threads are going to be renewed over time to try and avoid a probable memory leak.
17-Jul-2017 00:24:33.569 严重 [localhost-startStop-1] org.apache.catalina.loader.WebappClassLoaderBase.checkThreadLocalMapForLeaks The web application [mysrc1] created a ThreadLocal with key of type [org.opensolaris.opengrok.configuration.RuntimeEnvironment$4] (value [org.opensolaris.opengrok.configuration.RuntimeEnvironment$4@46c3313]) and a value of type [org.opensolaris.opengrok.configuration.Configuration] (value [org.opensolaris.opengrok.configuration.Configuration@26460f3e]) but failed to remove it when the web application was stopped. Threads are going to be renewed over time to try and avoid a probable memory leak.
17-Jul-2017 00:24:33.570 严重 [localhost-startStop-1] org.apache.catalina.loader.WebappClassLoaderBase.checkThreadLocalMapForLeaks The web application [mysrc1] created a ThreadLocal with key of type [org.opensolaris.opengrok.configuration.RuntimeEnvironment$4] (value [org.opensolaris.opengrok.configuration.RuntimeEnvironment$4@46c3313]) and a value of type [org.opensolaris.opengrok.configuration.Configuration] (value [org.opensolaris.opengrok.configuration.Configuration@26460f3e]) but failed to remove it when the web application was stopped. Threads are going to be renewed over time to try and avoid a probable memory leak.
17-Jul-2017 00:24:33.570 严重 [localhost-startStop-1] org.apache.catalina.loader.WebappClassLoaderBase.checkThreadLocalMapForLeaks The web application [mysrc1] created a ThreadLocal with key of type [org.opensolaris.opengrok.configuration.RuntimeEnvironment$4] (value [org.opensolaris.opengrok.configuration.RuntimeEnvironment$4@46c3313]) and a value of type [org.opensolaris.opengrok.configuration.Configuration] (value [org.opensolaris.opengrok.configuration.Configuration@26460f3e]) but failed to remove it when the web application was stopped. Threads are going to be renewed over time to try and avoid a probable memory leak.
17-Jul-2017 00:24:33.570 严重 [localhost-startStop-1] org.apache.catalina.loader.WebappClassLoaderBase.checkThreadLocalMapForLeaks The web application [mysrc1] created a ThreadLocal with key of type [org.opensolaris.opengrok.configuration.RuntimeEnvironment$4] (value [org.opensolaris.opengrok.configuration.RuntimeEnvironment$4@46c3313]) and a value of type [org.opensolaris.opengrok.configuration.Configuration] (value [org.opensolaris.opengrok.configuration.Configuration@26460f3e]) but failed to remove it when the web application was stopped. Threads are going to be renewed over time to try and avoid a probable memory leak.
17-Jul-2017 00:24:33.579 信息 [main] org.apache.coyote.AbstractProtocol.stop Stopping ProtocolHandler ["http-nio-8080"]
17-Jul-2017 00:24:33.583 信息 [main] org.apache.coyote.AbstractProtocol.stop Stopping ProtocolHandler ["ajp-nio-8009"]
17-Jul-2017 00:24:33.584 信息 [main] org.apache.coyote.AbstractProtocol.destroy Destroying ProtocolHandler ["http-nio-8080"]
17-Jul-2017 00:24:33.585 信息 [main] org.apache.coyote.AbstractProtocol.destroy Destroying ProtocolHandler ["ajp-nio-8009"]
